<?xml version="1.0" encoding="UTF-8"?>
<coverage generated="1628350669778" clover="3.2.0">
  <project timestamp="1628350669779" name="All files">
    <metrics statements="16" coveredstatements="16" conditionals="4" coveredconditionals="4" methods="2" coveredmethods="2" elements="22" coveredelements="22" complexity="0" loc="16" ncloc="16" packages="1" files="1" classes="1"/>
    <file name="caesar.js" path="C:\Users\User\Desktop\code\Github\javascript-exercises-1\caesar\caesar.js">
      <metrics statements="16" coveredstatements="16" conditionals="4" coveredconditionals="4" methods="2" coveredmethods="2"/>
      <line num="1" count="1" type="stmt"/>
      <line num="2" count="7" type="stmt"/>
      <line num="3" count="7" type="stmt"/>
      <line num="4" count="7" type="stmt"/>
      <line num="5" count="7" type="stmt"/>
      <line num="6" count="57" type="cond" truecount="2" falsecount="0"/>
      <line num="7" count="12" type="stmt"/>
      <line num="8" count="12" type="stmt"/>
      <line num="11" count="45" type="stmt"/>
      <line num="12" count="45" type="stmt"/>
      <line num="13" count="45" type="stmt"/>
      <line num="15" count="45" type="cond" truecount="2" falsecount="0"/>
      <line num="16" count="11" type="stmt"/>
      <line num="18" count="34" type="stmt"/>
      <line num="21" count="7" type="stmt"/>
      <line num="24" count="1" type="stmt"/>
    </file>
  </project>
</coverage>
