{"C:\\Users\\User\\Desktop\\code\\Github\\javascript-exercises-1\\fibonacci\\fibonacci.js": {"path":"C:\\Users\\User\\Desktop\\code\\Github\\javascript-exercises-1\\fibonacci\\fibonacci.js","statementMap":{"0":{"start":{"line":1,"column":18},"end":{"line":13,"column":1}},"1":{"start":{"line":2,"column":2},"end":{"line":2,"column":18}},"2":{"start":{"line":3,"column":12},"end":{"line":3,"column":18}},"3":{"start":{"line":4,"column":15},"end":{"line":4,"column":16}},"4":{"start":{"line":5,"column":2},"end":{"line":5,"column":27}},"5":{"start":{"line":5,"column":13},"end":{"line":5,"column":27}},"6":{"start":{"line":6,"column":2},"end":{"line":6,"column":23}},"7":{"start":{"line":6,"column":14},"end":{"line":6,"column":23}},"8":{"start":{"line":7,"column":2},"end":{"line":7,"column":23}},"9":{"start":{"line":7,"column":14},"end":{"line":7,"column":23}},"10":{"start":{"line":8,"column":2},"end":{"line":11,"column":3}},"11":{"start":{"line":9,"column":4},"end":{"line":9,"column":37}},"12":{"start":{"line":10,"column":4},"end":{"line":10,"column":21}},"13":{"start":{"line":12,"column":2},"end":{"line":12,"column":16}},"14":{"start":{"line":15,"column":0},"end":{"line":15,"column":27}}},"fnMap":{"0":{"name":"(anonymous_0)","decl":{"start":{"line":1,"column":18},"end":{"line":1,"column":19}},"loc":{"start":{"line":1,"column":31},"end":{"line":13,"column":1}},"line":1}},"branchMap":{"0":{"loc":{"start":{"line":5,"column":2},"end":{"line":5,"column":27}},"type":"if","locations":[{"start":{"line":5,"column":2},"end":{"line":5,"column":27}},{"start":{"line":5,"column":2},"end":{"line":5,"column":27}}],"line":5},"1":{"loc":{"start":{"line":6,"column":2},"end":{"line":6,"column":23}},"type":"if","locations":[{"start":{"line":6,"column":2},"end":{"line":6,"column":23}},{"start":{"line":6,"column":2},"end":{"line":6,"column":23}}],"line":6},"2":{"loc":{"start":{"line":7,"column":2},"end":{"line":7,"column":23}},"type":"if","locations":[{"start":{"line":7,"column":2},"end":{"line":7,"column":23}},{"start":{"line":7,"column":2},"end":{"line":7,"column":23}}],"line":7}},"s":{"0":1,"1":9,"2":9,"3":9,"4":9,"5":1,"6":8,"7":1,"8":7,"9":1,"10":6,"11":56,"12":56,"13":6,"14":1},"f":{"0":9},"b":{"0":[1,8],"1":[1,7],"2":[1,6]},"_coverageSchema":"1a1c01bbd47fc00a2c39e90264f33305004495a9","hash":"2cfbfc65d7c14eed89fb4e620fe4636048001a75"}
}
