{"C:\\Users\\User\\Desktop\\code\\Github\\javascript-exercises-1\\sumAll\\sumAll.js": {"path":"C:\\Users\\User\\Desktop\\code\\Github\\javascript-exercises-1\\sumAll\\sumAll.js","statementMap":{"0":{"start":{"line":1,"column":15},"end":{"line":10,"column":1}},"1":{"start":{"line":2,"column":2},"end":{"line":2,"column":37}},"2":{"start":{"line":2,"column":22},"end":{"line":2,"column":37}},"3":{"start":{"line":3,"column":2},"end":{"line":3,"column":43}},"4":{"start":{"line":3,"column":28},"end":{"line":3,"column":43}},"5":{"start":{"line":5,"column":2},"end":{"line":7,"column":3}},"6":{"start":{"line":5,"column":15},"end":{"line":5,"column":29}},"7":{"start":{"line":6,"column":4},"end":{"line":6,"column":18}},"8":{"start":{"line":9,"column":2},"end":{"line":9,"column":39}},"9":{"start":{"line":9,"column":32},"end":{"line":9,"column":37}},"10":{"start":{"line":12,"column":0},"end":{"line":12,"column":27}},"11":{"start":{"line":13,"column":0},"end":{"line":13,"column":27}},"12":{"start":{"line":14,"column":0},"end":{"line":14,"column":28}},"13":{"start":{"line":15,"column":0},"end":{"line":15,"column":28}},"14":{"start":{"line":16,"column":0},"end":{"line":16,"column":28}},"15":{"start":{"line":17,"column":0},"end":{"line":17,"column":28}},"16":{"start":{"line":18,"column":0},"end":{"line":18,"column":29}},"17":{"start":{"line":20,"column":0},"end":{"line":20,"column":24}}},"fnMap":{"0":{"name":"(anonymous_0)","decl":{"start":{"line":1,"column":15},"end":{"line":1,"column":16}},"loc":{"start":{"line":1,"column":43},"end":{"line":10,"column":1}},"line":1},"1":{"name":"(anonymous_1)","decl":{"start":{"line":9,"column":22},"end":{"line":9,"column":23}},"loc":{"start":{"line":9,"column":32},"end":{"line":9,"column":37}},"line":9}},"branchMap":{"0":{"loc":{"start":{"line":1,"column":31},"end":{"line":1,"column":41}},"type":"default-arg","locations":[{"start":{"line":1,"column":39},"end":{"line":1,"column":41}}],"line":1},"1":{"loc":{"start":{"line":2,"column":2},"end":{"line":2,"column":37}},"type":"if","locations":[{"start":{"line":2,"column":2},"end":{"line":2,"column":37}},{"start":{"line":2,"column":2},"end":{"line":2,"column":37}}],"line":2},"2":{"loc":{"start":{"line":2,"column":6},"end":{"line":2,"column":20}},"type":"binary-expr","locations":[{"start":{"line":2,"column":6},"end":{"line":2,"column":11}},{"start":{"line":2,"column":15},"end":{"line":2,"column":20}}],"line":2},"3":{"loc":{"start":{"line":3,"column":2},"end":{"line":3,"column":43}},"type":"if","locations":[{"start":{"line":3,"column":2},"end":{"line":3,"column":43}},{"start":{"line":3,"column":2},"end":{"line":3,"column":43}}],"line":3},"4":{"loc":{"start":{"line":3,"column":6},"end":{"line":3,"column":26}},"type":"binary-expr","locations":[{"start":{"line":3,"column":6},"end":{"line":3,"column":14}},{"start":{"line":3,"column":18},"end":{"line":3,"column":26}}],"line":3}},"s":{"0":1,"1":13,"2":4,"3":9,"4":3,"5":6,"6":6,"7":4228,"8":6,"9":4222,"10":1,"11":1,"12":1,"13":1,"14":1,"15":1,"16":1,"17":1},"f":{"0":13,"1":4222},"b":{"0":[13],"1":[4,9],"2":[13,11],"3":[3,6],"4":[9,8]},"_coverageSchema":"1a1c01bbd47fc00a2c39e90264f33305004495a9","hash":"13b144fde068c00e32257a193ec774738ecd547f"}
}
