TN:
SF:calculator\calculator.js
FN:1,add
FN:5,subtract
FN:9,sum
FN:11,(anonymous_3)
FN:14,multiply
FN:15,(anonymous_5)
FN:18,power
FN:22,factorial
FN:30,(anonymous_8)
FNF:9
FNH:9
FNDA:3,add
FNDA:1,subtract
FNDA:4,sum
FNDA:5,(anonymous_3)
FNDA:2,multiply
FNDA:7,(anonymous_5)
FNDA:1,power
FNDA:5,factorial
FNDA:13,(anonymous_8)
DA:2,3
DA:6,1
DA:10,4
DA:11,5
DA:15,7
DA:19,1
DA:23,5
DA:24,2
DA:25,2
DA:26,15
DA:27,15
DA:30,13
DA:33,1
LF:13
LH:13
BRDA:10,0,0,1
BRDA:10,0,1,3
BRDA:23,1,0,3
BRDA:23,1,1,2
BRF:4
BRH:4
end_of_record
